


 22 

  33  
 3333 

    55    
   5555   
  555555  
 55555555 

       88       
      8888      
     888888     
    88888888    
   8888888888   
  888888888888  
 88888888888888 

                        1313                        
                      13131313                      
                    131313131313                    
                  1313131313131313                  
                13131313131313131313                
              131313131313131313131313              
            1313131313131313131313131313            
          13131313131313131313131313131313          
        131313131313131313131313131313131313        
      1313131313131313131313131313131313131313      
    13131313131313131313131313131313131313131313    
  131313131313131313131313131313131313131313131313  

                                        2121                                        
                                      21212121                                      
                                    212121212121                                    
                                  2121212121212121                                  
                                21212121212121212121                                
                              212121212121212121212121                              
                            2121212121212121212121212121                            
                          21212121212121212121212121212121                          
                        212121212121212121212121212121212121                        
                      2121212121212121212121212121212121212121                      
                    21212121212121212121212121212121212121212121                    
                  212121212121212121212121212121212121212121212121                  
                2121212121212121212121212121212121212121212121212121                
              21212121212121212121212121212121212121212121212121212121              
            212121212121212121212121212121212121212121212121212121212121            
          2121212121212121212121212121212121212121212121212121212121212121          
        21212121212121212121212121212121212121212121212121212121212121212121        
      212121212121212121212121212121212121212121212121212121212121212121212121      
    2121212121212121212121212121212121212121212121212121212121212121212121212121    
  21212121212121212121212121212121212121212121212121212121212121212121212121212121  

                                                                  3434                                                                  
                                                                34343434                                                                
                                                              343434343434                                                              
                                                            3434343434343434                                                            
                                                          34343434343434343434                                                          
                                                        343434343434343434343434                                                        
                                                      3434343434343434343434343434                                                      
                                                    34343434343434343434343434343434                                                    
                                                  343434343434343434343434343434343434                                                  
                                                3434343434343434343434343434343434343434                                                
                                              34343434343434343434343434343434343434343434                                              
                                            343434343434343434343434343434343434343434343434                                            
                                          3434343434343434343434343434343434343434343434343434                                          
                                        34343434343434343434343434343434343434343434343434343434                                        
                                      343434343434343434343434343434343434343434343434343434343434                                      
                                    3434343434343434343434343434343434343434343434343434343434343434                                    
                                  34343434343434343434343434343434343434343434343434343434343434343434                                  
                                343434343434343434343434343434343434343434343434343434343434343434343434                                
                              3434343434343434343434343434343434343434343434343434343434343434343434343434                              
                            34343434343434343434343434343434343434343434343434343434343434343434343434343434                            
                          343434343434343434343434343434343434343434343434343434343434343434343434343434343434                          
                        3434343434343434343434343434343434343434343434343434343434343434343434343434343434343434                        
                      34343434343434343434343434343434343434343434343434343434343434343434343434343434343434343434                      
                    343434343434343434343434343434343434343434343434343434343434343434343434343434343434343434343434                    
                  3434343434343434343434343434343434343434343434343434343434343434343434343434343434343434343434343434                  
                34343434343434343434343434343434343434343434343434343434343434343434343434343434343434343434343434343434                
              343434343434343434343434343434343434343434343434343434343434343434343434343434343434343434343434343434343434              
            3434343434343434343434343434343434343434343434343434343434343434343434343434343434343434343434343434343434343434            
          34343434343434343434343434343434343434343434343434343434343434343434343434343434343434343434343434343434343434343434          
        343434343434343434343434343434343434343434343434343434343434343434343434343434343434343434343434343434343434343434343434        
      3434343434343434343434343434343434343434343434343434343434343434343434343434343434343434343434343434343434343434343434343434      
    34343434343434343434343434343434343434343434343434343434343434343434343434343434343434343434343434343434343434343434343434343434    
  343434343434343434343434343434343434343434343434343434343434343434343434343434343434343434343434343434343434343434343434343434343434  

